<?xml version="1.0" encoding="UTF-8"?>
<testsuite name="StubTest" tests="2" skipped="0" failures="0" errors="0" timestamp="2023-05-02T12:53:56" hostname="mskl-075" time="0.011">
  <properties/>
  <testcase name="assertNumbers_ok" classname="StubTest" time="0.011"/>
  <testcase name="assertStrings_ok" classname="StubTest" time="0.0"/>
  <system-out><![CDATA[]]></system-out>
  <system-err><![CDATA[]]></system-err>
</testsuite>
